************* 
__init__.py:1: [F0010(parse-error), ] error while code parsing: Unable to load file C:\Users\mjvid\PycharmProjects\Bruch\__init__.py:
[Errno 2] No such file or directory: 'C:\\Users\\mjvid\\PycharmProjects\\Bruch\\__init__.py'
************* Module bruch
bruch.py:38: [C0303(trailing-whitespace), ] Trailing whitespace
bruch.py:43: [C0303(trailing-whitespace), ] Trailing whitespace
bruch.py:51: [C0303(trailing-whitespace), ] Trailing whitespace
bruch.py:58: [C0303(trailing-whitespace), ] Trailing whitespace
bruch.py:59: [C0303(trailing-whitespace), ] Trailing whitespace
bruch.py:67: [C0303(trailing-whitespace), ] Trailing whitespace
bruch.py:77: [C0303(trailing-whitespace), ] Trailing whitespace
bruch.py:91: [C0303(trailing-whitespace), ] Trailing whitespace
bruch.py:95: [C0303(trailing-whitespace), ] Trailing whitespace
bruch.py:103: [C0303(trailing-whitespace), ] Trailing whitespace
bruch.py:129: [C0303(trailing-whitespace), ] Trailing whitespace
bruch.py:139: [C0303(trailing-whitespace), ] Trailing whitespace
bruch.py:157: [C0303(trailing-whitespace), ] Trailing whitespace
bruch.py:180: [C0303(trailing-whitespace), ] Trailing whitespace
bruch.py:226: [C0303(trailing-whitespace), ] Trailing whitespace
bruch.py:251: [C0303(trailing-whitespace), ] Trailing whitespace
bruch.py:256: [C0303(trailing-whitespace), ] Trailing whitespace
bruch.py:274: [C0303(trailing-whitespace), ] Trailing whitespace
bruch.py:284: [C0303(trailing-whitespace), ] Trailing whitespace
bruch.py:293: [C0303(trailing-whitespace), ] Trailing whitespace
bruch.py:303: [C0303(trailing-whitespace), ] Trailing whitespace
bruch.py:313: [C0303(trailing-whitespace), ] Trailing whitespace
bruch.py:322: [C0303(trailing-whitespace), ] Trailing whitespace
bruch.py:331: [C0303(trailing-whitespace), ] Trailing whitespace
bruch.py:338: [C0303(trailing-whitespace), ] Trailing whitespace
bruch.py:349: [C0303(trailing-whitespace), ] Trailing whitespace
bruch.py:360: [C0303(trailing-whitespace), ] Trailing whitespace
bruch.py:371: [C0303(trailing-whitespace), ] Trailing whitespace
bruch.py:391: [C0303(trailing-whitespace), ] Trailing whitespace
bruch.py:35: [C0123(unidiomatic-typecheck), Bruch.__init__] Using type() instead of isinstance() for a typecheck.
bruch.py:37: [C0123(unidiomatic-typecheck), Bruch.__init__] Using type() instead of isinstance() for a typecheck.
bruch.py:87: [C0103(invalid-name), Bruch.__add__] Variable name "z2" doesn't conform to snake_case naming style
bruch.py:87: [C0103(invalid-name), Bruch.__add__] Variable name "n2" doesn't conform to snake_case naming style
bruch.py:88: [C0123(unidiomatic-typecheck), Bruch.__add__] Using type() instead of isinstance() for a typecheck.
bruch.py:89: [C0103(invalid-name), Bruch.__add__] Variable name "z2" doesn't conform to snake_case naming style
bruch.py:89: [C0103(invalid-name), Bruch.__add__] Variable name "n2" doesn't conform to snake_case naming style
bruch.py:112: [C0123(unidiomatic-typecheck), Bruch.__rsub__] Using type() instead of isinstance() for a typecheck.
bruch.py:113: [C0103(invalid-name), Bruch.__rsub__] Variable name "z2" doesn't conform to snake_case naming style
bruch.py:149: [C0103(invalid-name), Bruch.__mul__] Variable name "z2" doesn't conform to snake_case naming style
bruch.py:149: [C0103(invalid-name), Bruch.__mul__] Variable name "n2" doesn't conform to snake_case naming style
bruch.py:150: [C0123(unidiomatic-typecheck), Bruch.__mul__] Using type() instead of isinstance() for a typecheck.
bruch.py:151: [C0103(invalid-name), Bruch.__mul__] Variable name "z2" doesn't conform to snake_case naming style
bruch.py:151: [C0103(invalid-name), Bruch.__mul__] Variable name "n2" doesn't conform to snake_case naming style
bruch.py:154: [C0103(invalid-name), Bruch.__mul__] Variable name "z2" doesn't conform to snake_case naming style
bruch.py:155: [C0103(invalid-name), Bruch.__mul__] Variable name "n2" doesn't conform to snake_case naming style
bruch.py:158: [C0103(invalid-name), Bruch.__pow__] Argument name "p" doesn't conform to snake_case naming style
bruch.py:166: [C0123(unidiomatic-typecheck), Bruch.__pow__] Using type() instead of isinstance() for a typecheck.
bruch.py:190: [C0123(unidiomatic-typecheck), Bruch.__rtruediv__] Using type() instead of isinstance() for a typecheck.
bruch.py:191: [C0103(invalid-name), Bruch.__rtruediv__] Variable name "z2" doesn't conform to snake_case naming style
bruch.py:218: [C0103(invalid-name), Bruch.__truediv__] Variable name "z2" doesn't conform to snake_case naming style
bruch.py:218: [C0103(invalid-name), Bruch.__truediv__] Variable name "n2" doesn't conform to snake_case naming style
bruch.py:219: [C0123(unidiomatic-typecheck), Bruch.__truediv__] Using type() instead of isinstance() for a typecheck.
bruch.py:220: [C0103(invalid-name), Bruch.__truediv__] Variable name "z2" doesn't conform to snake_case naming style
bruch.py:220: [C0103(invalid-name), Bruch.__truediv__] Variable name "n2" doesn't conform to snake_case naming style
bruch.py:252: [R1705(no-else-return), Bruch.__repr__] Unnecessary "else" after "return"
bruch.py:258: [C0103(invalid-name), Bruch.__makeBruch] Method name "__makeBruch" doesn't conform to snake_case naming style
bruch.py:266: [W0105(pointless-string-statement), Bruch.__makeBruch] String statement has no effect
bruch.py:269: [C0123(unidiomatic-typecheck), Bruch.__makeBruch] Using type() instead of isinstance() for a typecheck.
bruch.py:270: [C0103(invalid-name), Bruch.__makeBruch] Variable name "b" doesn't conform to snake_case naming style
bruch.py:393: [C0103(invalid-name), Bruch.gcd] Argument name "x" doesn't conform to snake_case naming style
bruch.py:393: [C0103(invalid-name), Bruch.gcd] Argument name "y" doesn't conform to snake_case naming style
bruch.py:404: [W0105(pointless-string-statement), Bruch.gcd] String statement has no effect
bruch.py:9: [R0903(too-few-public-methods), Bruch] Too few public methods (1/2)

------------------------------------------------------------------
Your code has been rated at 5.62/10 (previous run: 5.62/10, +0.00)

